1742537068.452006 client started (580333): version 3.4, socket /tmp/tmux-1000/default, protocol 8
1742537068.452026 on Linux 6.11.0-17-generic #17~24.04.2-Ubuntu SMP PREEMPT_DYNAMIC Mon Jan 20 22:48:29 UTC 2
1742537068.452028 using libevent 2.1.12-stable poll
1742537068.452030 using ncurses 6.4 20240113
1742537068.452040 flags are 0x10010000
1742537068.452050 socket is /tmp/tmux-1000/default
1742537068.452060 trying connect
1742537068.452111 add peer 0x63fe3a7a0140: 6 ((nil))
1742537068.452314 sending message 100 to peer 0x63fe3a7a0140 (4 bytes)
1742537068.452318 sending message 111 to peer 0x63fe3a7a0140 (8 bytes)
1742537068.452320 sending message 101 to peer 0x63fe3a7a0140 (16 bytes)
1742537068.452322 sending message 109 to peer 0x63fe3a7a0140 (4 bytes)
1742537068.452324 sending message 102 to peer 0x63fe3a7a0140 (11 bytes)
1742537068.452326 sending message 108 to peer 0x63fe3a7a0140 (44 bytes)
1742537068.452327 sending message 112 to peer 0x63fe3a7a0140 (70 bytes)
1742537068.452329 sending message 112 to peer 0x63fe3a7a0140 (5 bytes)
1742537068.452330 sending message 112 to peer 0x63fe3a7a0140 (5 bytes)
1742537068.452332 sending message 112 to peer 0x63fe3a7a0140 (6 bytes)
1742537068.452333 sending message 112 to peer 0x63fe3a7a0140 (6 bytes)
1742537068.452335 sending message 112 to peer 0x63fe3a7a0140 (11 bytes)
1742537068.452337 sending message 112 to peer 0x63fe3a7a0140 (10 bytes)
1742537068.452338 sending message 112 to peer 0x63fe3a7a0140 (13 bytes)
1742537068.452340 sending message 112 to peer 0x63fe3a7a0140 (13 bytes)
1742537068.452341 sending message 112 to peer 0x63fe3a7a0140 (18 bytes)
1742537068.452343 sending message 112 to peer 0x63fe3a7a0140 (11 bytes)
1742537068.452344 sending message 112 to peer 0x63fe3a7a0140 (21 bytes)
1742537068.452346 sending message 112 to peer 0x63fe3a7a0140 (13 bytes)
1742537068.452347 sending message 112 to peer 0x63fe3a7a0140 (7 bytes)
1742537068.452349 sending message 112 to peer 0x63fe3a7a0140 (13 bytes)
1742537068.452350 sending message 112 to peer 0x63fe3a7a0140 (7 bytes)
1742537068.452352 sending message 112 to peer 0x63fe3a7a0140 (13 bytes)
1742537068.452353 sending message 112 to peer 0x63fe3a7a0140 (9 bytes)
1742537068.452355 sending message 112 to peer 0x63fe3a7a0140 (21 bytes)
1742537068.452356 sending message 112 to peer 0x63fe3a7a0140 (13 bytes)
1742537068.452358 sending message 112 to peer 0x63fe3a7a0140 (8 bytes)
1742537068.452359 sending message 112 to peer 0x63fe3a7a0140 (12 bytes)
1742537068.452361 sending message 112 to peer 0x63fe3a7a0140 (13 bytes)
1742537068.452362 sending message 112 to peer 0x63fe3a7a0140 (9 bytes)
1742537068.452364 sending message 112 to peer 0x63fe3a7a0140 (9 bytes)
1742537068.452365 sending message 112 to peer 0x63fe3a7a0140 (12 bytes)
1742537068.452367 sending message 112 to peer 0x63fe3a7a0140 (8 bytes)
1742537068.452368 sending message 112 to peer 0x63fe3a7a0140 (7 bytes)
1742537068.452370 sending message 112 to peer 0x63fe3a7a0140 (7 bytes)
1742537068.452371 sending message 112 to peer 0x63fe3a7a0140 (9 bytes)
1742537068.452373 sending message 112 to peer 0x63fe3a7a0140 (13 bytes)
1742537068.452374 sending message 112 to peer 0x63fe3a7a0140 (9 bytes)
1742537068.452376 sending message 112 to peer 0x63fe3a7a0140 (15 bytes)
1742537068.452377 sending message 112 to peer 0x63fe3a7a0140 (13 bytes)
1742537068.452379 sending message 112 to peer 0x63fe3a7a0140 (12 bytes)
1742537068.452381 sending message 112 to peer 0x63fe3a7a0140 (8 bytes)
1742537068.452382 sending message 112 to peer 0x63fe3a7a0140 (14 bytes)
1742537068.452384 sending message 112 to peer 0x63fe3a7a0140 (9 bytes)
1742537068.452385 sending message 112 to peer 0x63fe3a7a0140 (10 bytes)
1742537068.452387 sending message 112 to peer 0x63fe3a7a0140 (10 bytes)
1742537068.452388 sending message 112 to peer 0x63fe3a7a0140 (10 bytes)
1742537068.452390 sending message 112 to peer 0x63fe3a7a0140 (10 bytes)
1742537068.452391 sending message 112 to peer 0x63fe3a7a0140 (11 bytes)
1742537068.452393 sending message 112 to peer 0x63fe3a7a0140 (10 bytes)
1742537068.452394 sending message 112 to peer 0x63fe3a7a0140 (8 bytes)
1742537068.452400 sending message 112 to peer 0x63fe3a7a0140 (11 bytes)
1742537068.452402 sending message 112 to peer 0x63fe3a7a0140 (11 bytes)
1742537068.452404 sending message 112 to peer 0x63fe3a7a0140 (11 bytes)
1742537068.452405 sending message 112 to peer 0x63fe3a7a0140 (8 bytes)
1742537068.452407 sending message 112 to peer 0x63fe3a7a0140 (8 bytes)
1742537068.452408 sending message 112 to peer 0x63fe3a7a0140 (8 bytes)
1742537068.452410 sending message 112 to peer 0x63fe3a7a0140 (10 bytes)
1742537068.452411 sending message 112 to peer 0x63fe3a7a0140 (10 bytes)
1742537068.452413 sending message 112 to peer 0x63fe3a7a0140 (10 bytes)
1742537068.452414 sending message 112 to peer 0x63fe3a7a0140 (10 bytes)
1742537068.452416 sending message 112 to peer 0x63fe3a7a0140 (10 bytes)
1742537068.452417 sending message 112 to peer 0x63fe3a7a0140 (11 bytes)
1742537068.452419 sending message 112 to peer 0x63fe3a7a0140 (11 bytes)
1742537068.452420 sending message 112 to peer 0x63fe3a7a0140 (10 bytes)
1742537068.452422 sending message 112 to peer 0x63fe3a7a0140 (9 bytes)
1742537068.452423 sending message 112 to peer 0x63fe3a7a0140 (9 bytes)
1742537068.452425 sending message 112 to peer 0x63fe3a7a0140 (12 bytes)
1742537068.452426 sending message 112 to peer 0x63fe3a7a0140 (9 bytes)
1742537068.452428 sending message 112 to peer 0x63fe3a7a0140 (6 bytes)
1742537068.452430 sending message 112 to peer 0x63fe3a7a0140 (13 bytes)
1742537068.452431 sending message 112 to peer 0x63fe3a7a0140 (8 bytes)
1742537068.452433 sending message 112 to peer 0x63fe3a7a0140 (15 bytes)
1742537068.452434 sending message 112 to peer 0x63fe3a7a0140 (13 bytes)
1742537068.452436 sending message 112 to peer 0x63fe3a7a0140 (70 bytes)
1742537068.452437 sending message 112 to peer 0x63fe3a7a0140 (69 bytes)
1742537068.452439 sending message 112 to peer 0x63fe3a7a0140 (10 bytes)
1742537068.452440 sending message 112 to peer 0x63fe3a7a0140 (8 bytes)
1742537068.452442 sending message 112 to peer 0x63fe3a7a0140 (15 bytes)
1742537068.452444 sending message 112 to peer 0x63fe3a7a0140 (13 bytes)
1742537068.452445 sending message 112 to peer 0x63fe3a7a0140 (10 bytes)
1742537068.452447 sending message 112 to peer 0x63fe3a7a0140 (10 bytes)
1742537068.452448 sending message 112 to peer 0x63fe3a7a0140 (5 bytes)
1742537068.452450 sending message 112 to peer 0x63fe3a7a0140 (15 bytes)
1742537068.452452 sending message 104 to peer 0x63fe3a7a0140 (0 bytes)
1742537068.452454 sending message 110 to peer 0x63fe3a7a0140 (0 bytes)
1742537068.452455 sending message 107 to peer 0x63fe3a7a0140 (4 bytes)
1742537068.452457 sending message 105 to peer 0x63fe3a7a0140 (16 bytes)
1742537068.452459 sending message 105 to peer 0x63fe3a7a0140 (100 bytes)
1742537068.452460 sending message 105 to peer 0x63fe3a7a0140 (19 bytes)
1742537068.452462 sending message 105 to peer 0x63fe3a7a0140 (20 bytes)
1742537068.452463 sending message 105 to peer 0x63fe3a7a0140 (45 bytes)
1742537068.452465 sending message 105 to peer 0x63fe3a7a0140 (23 bytes)
1742537068.452467 sending message 105 to peer 0x63fe3a7a0140 (25 bytes)
1742537068.452468 sending message 105 to peer 0x63fe3a7a0140 (44 bytes)
1742537068.452470 sending message 105 to peer 0x63fe3a7a0140 (35 bytes)
1742537068.452471 sending message 105 to peer 0x63fe3a7a0140 (10 bytes)
1742537068.452473 sending message 105 to peer 0x63fe3a7a0140 (45 bytes)
1742537068.452474 sending message 105 to peer 0x63fe3a7a0140 (32 bytes)
1742537068.452476 sending message 105 to peer 0x63fe3a7a0140 (49 bytes)
1742537068.452477 sending message 105 to peer 0x63fe3a7a0140 (50 bytes)
1742537068.452479 sending message 105 to peer 0x63fe3a7a0140 (51 bytes)
1742537068.452481 sending message 105 to peer 0x63fe3a7a0140 (52 bytes)
1742537068.452482 sending message 105 to peer 0x63fe3a7a0140 (20 bytes)
1742537068.452484 sending message 105 to peer 0x63fe3a7a0140 (23 bytes)
1742537068.452485 sending message 105 to peer 0x63fe3a7a0140 (21 bytes)
1742537068.452487 sending message 105 to peer 0x63fe3a7a0140 (16 bytes)
1742537068.452488 sending message 105 to peer 0x63fe3a7a0140 (28 bytes)
1742537068.452492 sending message 105 to peer 0x63fe3a7a0140 (48 bytes)
1742537068.452494 sending message 105 to peer 0x63fe3a7a0140 (27 bytes)
1742537068.452495 sending message 105 to peer 0x63fe3a7a0140 (14 bytes)
1742537068.452497 sending message 105 to peer 0x63fe3a7a0140 (25 bytes)
1742537068.452499 sending message 105 to peer 0x63fe3a7a0140 (22 bytes)
1742537068.452500 sending message 105 to peer 0x63fe3a7a0140 (22 bytes)
1742537068.452502 sending message 105 to peer 0x63fe3a7a0140 (33 bytes)
1742537068.452503 sending message 105 to peer 0x63fe3a7a0140 (17 bytes)
1742537068.452505 sending message 105 to peer 0x63fe3a7a0140 (15 bytes)
1742537068.452506 sending message 105 to peer 0x63fe3a7a0140 (18 bytes)
1742537068.452508 sending message 105 to peer 0x63fe3a7a0140 (17 bytes)
1742537068.452509 sending message 105 to peer 0x63fe3a7a0140 (1817 bytes)
1742537068.452517 sending message 105 to peer 0x63fe3a7a0140 (33 bytes)
1742537068.452518 sending message 105 to peer 0x63fe3a7a0140 (28 bytes)
1742537068.452520 sending message 105 to peer 0x63fe3a7a0140 (144 bytes)
1742537068.452522 sending message 105 to peer 0x63fe3a7a0140 (26 bytes)
1742537068.452523 sending message 105 to peer 0x63fe3a7a0140 (33 bytes)
1742537068.452525 sending message 105 to peer 0x63fe3a7a0140 (13 bytes)
1742537068.452526 sending message 105 to peer 0x63fe3a7a0140 (47 bytes)
1742537068.452528 sending message 105 to peer 0x63fe3a7a0140 (53 bytes)
1742537068.452529 sending message 105 to peer 0x63fe3a7a0140 (23 bytes)
1742537068.452531 sending message 105 to peer 0x63fe3a7a0140 (16 bytes)
1742537068.452533 sending message 105 to peer 0x63fe3a7a0140 (24 bytes)
1742537068.452534 sending message 105 to peer 0x63fe3a7a0140 (23 bytes)
1742537068.452536 sending message 105 to peer 0x63fe3a7a0140 (58 bytes)
1742537068.452537 sending message 105 to peer 0x63fe3a7a0140 (34 bytes)
1742537068.452539 sending message 105 to peer 0x63fe3a7a0140 (23 bytes)
1742537068.452540 sending message 105 to peer 0x63fe3a7a0140 (21 bytes)
1742537068.452542 sending message 105 to peer 0x63fe3a7a0140 (32 bytes)
1742537068.452543 sending message 105 to peer 0x63fe3a7a0140 (11 bytes)
1742537068.452545 sending message 105 to peer 0x63fe3a7a0140 (14 bytes)
1742537068.452546 sending message 105 to peer 0x63fe3a7a0140 (15 bytes)
1742537068.452548 sending message 105 to peer 0x63fe3a7a0140 (8 bytes)
1742537068.452549 sending message 105 to peer 0x63fe3a7a0140 (35 bytes)
1742537068.452551 sending message 105 to peer 0x63fe3a7a0140 (18 bytes)
1742537068.452552 sending message 105 to peer 0x63fe3a7a0140 (31 bytes)
1742537068.452554 sending message 105 to peer 0x63fe3a7a0140 (47 bytes)
1742537068.452556 sending message 105 to peer 0x63fe3a7a0140 (23 bytes)
1742537068.452557 sending message 105 to peer 0x63fe3a7a0140 (19 bytes)
1742537068.452559 sending message 105 to peer 0x63fe3a7a0140 (102 bytes)
1742537068.452560 sending message 105 to peer 0x63fe3a7a0140 (206 bytes)
1742537068.452562 sending message 105 to peer 0x63fe3a7a0140 (18 bytes)
1742537068.452564 sending message 105 to peer 0x63fe3a7a0140 (54 bytes)
1742537068.452565 sending message 105 to peer 0x63fe3a7a0140 (35 bytes)
1742537068.452567 sending message 105 to peer 0x63fe3a7a0140 (74 bytes)
1742537068.452568 sending message 105 to peer 0x63fe3a7a0140 (32 bytes)
1742537068.452570 sending message 105 to peer 0x63fe3a7a0140 (18 bytes)
1742537068.452571 sending message 105 to peer 0x63fe3a7a0140 (31 bytes)
1742537068.452573 sending message 105 to peer 0x63fe3a7a0140 (16 bytes)
1742537068.452574 sending message 106 to peer 0x63fe3a7a0140 (0 bytes)
1742537068.452596 sending message 200 to peer 0x63fe3a7a0140 (4 bytes)
1742537068.452598 client loop enter
1742537068.453514 peer 0x63fe3a7a0140 message 303
1742537068.453519 open write file 2 -
1742537068.453523 sending message 305 to peer 0x63fe3a7a0140 (8 bytes)
1742537068.453527 write check file 2
1742537068.453625 peer 0x63fe3a7a0140 message 304
1742537068.453628 write 58 to file 2
1742537068.453630 peer 0x63fe3a7a0140 message 203
1742537068.453632 file 2 58 bytes left
1742537068.453643 write check file 2
1742537068.453644 client loop exit
